 
           ##################################################
           #      AMPT (A Multi-Phase Transport) model      #
           #          Version 2.26t9b (StringMelting)       #
           #               12/25/2018                       #
           ##################################################
            
 # Read in NSEED in HIJING at run time (e.g. 20030819):
 #   read in:     24182847


          **************************************************
          *     |      |       _______      /  ------/     *
          *   ----- ------     |_____|     /_/     /       *
          *    |||    /        |_____|      /    / |       *
          *    /| |  /_/       /_______    /_  /    |      *
          *   / |     / /     /  /  / |        -------     *
          *     |    / /|       /  /  |     /     |        *
          *     |   / /  |     /  /  _|    /   -------     *
          *                                                *
          **************************************************
                                HIJING                      
                 Heavy Ion Jet INteraction Generator        
                                  by                        
                      X. N. Wang  and  M. Gyulassy           
                       Lawrence Berkeley Laboratory           


     MDCY(C221,1)   changed from              1 to              0
     MDCY(C313,1)   changed from              1 to              0
     MDCY(C-313,1)  changed from              0 to              0
     MDCY(C323,1)   changed from              1 to              0
     MDCY(C-323,1)  changed from              0 to              0
     MDCY(C311,1)   changed from              1 to              0
     MDCY(C-311,1)  changed from              0 to              0
     MDCY(C1114,1)  changed from              1 to              0
     MDCY(C2114,1)  changed from              1 to              0
     MDCY(C2214,1)  changed from              1 to              0
     MDCY(C2224,1)  changed from              1 to              0
     MDCY(C-1114,1) changed from              0 to              0
     MDCY(C-2114,1) changed from              0 to              0
     MDCY(C-2214,1) changed from              0 to              0
     MDCY(C-2224,1) changed from              0 to              0
     MDCY(C213,1)   changed from              1 to              0
     MDCY(C-213,1)  changed from              0 to              0
     MDCY(C113,1)   changed from              1 to              0
     MDCY(C223,1)   changed from              1 to              0
     MDCY(C333,1)   changed from              1 to              0
     MDCY(C111,1)   changed from              1 to              0
     MDCY(C310,1)   changed from              1 to              0
     MDCY(C411,1)   changed from              1 to              0
     MDCY(C-411,1)  changed from              0 to              0
     MDCY(C421,1)   changed from              1 to              0
     MDCY(C-421,1)  changed from              0 to              0
     MDCY(C431,1)   changed from              1 to              0
     MDCY(C-431,1)  changed from              0 to              0
     MDCY(C511,1)   changed from              1 to              0
     MDCY(C-511,1)  changed from              0 to              0
     MDCY(C521,1)   changed from              1 to              0
     MDCY(C-521,1)  changed from              0 to              0
     MDCY(C531,1)   changed from              1 to              0
     MDCY(C-531,1)  changed from              0 to              0
     MDCY(C3122,1)  changed from              1 to              0
     MDCY(C-3122,1) changed from              0 to              0
     MDCY(C3112,1)  changed from              1 to              0
     MDCY(C-3112,1) changed from              0 to              0
     MDCY(C3212,1)  changed from              1 to              0
     MDCY(C-3212,1) changed from              0 to              0
     MDCY(C3222,1)  changed from              1 to              0
     MDCY(C-3222,1) changed from              0 to              0
     MDCY(C3312,1)  changed from              1 to              0
     MDCY(C-3312,1) changed from              0 to              0
     MDCY(C3322,1)  changed from              1 to              0
     MDCY(C-3322,1) changed from              0 to              0
     MDCY(C3334,1)  changed from              1 to              0
     MDCY(C-3334,1) changed from              0 to              0
     MDCY(C441,1)   changed from              1 to              0
     MDCY(C443,1)   changed from              1 to              0
     MDCY(C413,1)   changed from              1 to              0
     MDCY(C-413,1)  changed from              0 to              0
     MDCY(C423,1)   changed from              1 to              0
     MDCY(C-423,1)  changed from              0 to              0
     MDCY(C433,1)   changed from              1 to              0
     MDCY(C-433,1)  changed from              0 to              0
     MDCY(C4112,1)  changed from              1 to              0
     MDCY(C-4112,1) changed from              0 to              0
     MDCY(C4114,1)  changed from              1 to              0
     MDCY(C-4114,1) changed from              0 to              0
     MDCY(C4122,1)  changed from              1 to              0
     MDCY(C-4122,1) changed from              0 to              0
     MDCY(C4212,1)  changed from              1 to              0
     MDCY(C-4212,1) changed from              0 to              0
     MDCY(C4214,1)  changed from              1 to              0
     MDCY(C-4214,1) changed from              0 to              0
     MDCY(C4222,1)  changed from              1 to              0
     MDCY(C-4222,1) changed from              0 to              0
     MDCY(C4224,1)  changed from              1 to              0
     MDCY(C-4224,1) changed from              0 to              0
     MDCY(C4132,1)  changed from              1 to              0
     MDCY(C-4132,1) changed from              0 to              0
     MDCY(C4312,1)  changed from              1 to              0
     MDCY(C-4312,1) changed from              0 to              0
     MDCY(C4314,1)  changed from              1 to              0
     MDCY(C-4314,1) changed from              0 to              0
     MDCY(C4232,1)  changed from              1 to              0
     MDCY(C-4232,1) changed from              0 to              0
     MDCY(C4322,1)  changed from              1 to              0
     MDCY(C-4322,1) changed from              0 to              0
     MDCY(C4324,1)  changed from              1 to              0
     MDCY(C-4324,1) changed from              0 to              0
     MDCY(C4332,1)  changed from              1 to              0
     MDCY(C-4332,1) changed from              0 to              0
     MDCY(C4334,1)  changed from              1 to              0
     MDCY(C-4334,1) changed from              0 to              0
     MDCY(C551,1)   changed from              1 to              0
     MDCY(C553,1)   changed from              1 to              0
     MDCY(C513,1)   changed from              1 to              0
     MDCY(C-513,1)  changed from              0 to              0
     MDCY(C523,1)   changed from              1 to              0
     MDCY(C-523,1)  changed from              0 to              0
     MDCY(C533,1)   changed from              1 to              0
     MDCY(C-533,1)  changed from              0 to              0
     MDCY(C5112,1)  changed from              1 to              0
     MDCY(C-5112,1) changed from              0 to              0
     MDCY(C5114,1)  changed from              1 to              0
     MDCY(C-5114,1) changed from              0 to              0
     MDCY(C5122,1)  changed from              1 to              0
     MDCY(C-5122,1) changed from              0 to              0
     MDCY(C5212,1)  changed from              1 to              0
     MDCY(C-5212,1) changed from              0 to              0
     MDCY(C5214,1)  changed from              1 to              0
     MDCY(C-5214,1) changed from              0 to              0
     MDCY(C5222,1)  changed from              1 to              0
     MDCY(C-5222,1) changed from              0 to              0
     MDCY(C5224,1)  changed from              1 to              0
     MDCY(C-5224,1) changed from              0 to              0
          **************************************************
          *                                                *
          *         HIJING has been initialized at         *
          *             Ecm =    7000.00 GeV/n             *
          *                                                *
          *        for A   ( 12,  6) + A   ( 12,  6)       *
          **************************************************
  EVENT            1 , RUN            1
 #impact parameter,nlop,ncolt=   5.21249628               0           5
 In PYINIT: BEAM,TARGET= P               P               

 ******** PYMAXI: summary of differential cross-section maximum search ********

           ==========================================================
           I                                      I                 I
           I  ISUB  Subprocess name               I  Maximum value  I
           I                                      I                 I
           ==========================================================
           I                                      I                 I
           I   11   f + f' -> f + f'              I    3.2852E+01   I
           I   12   f + fb -> f' + fb'            I    3.4897E-02   I
           I   13   f + fb -> g + g               I    4.5089E-01   I
           I   14   f + fb -> g + gamma           I    6.1727E-03   I
           I   18   f + fb -> gamma + gamma       I    2.8243E-05   I
           I   28   f + g -> f + g                I    3.8931E+02   I
           I   29   f + g -> f + gamma            I    2.5137E-01   I
           I   53   g + g -> f + fb               I    3.7885E+00   I
           I   68   g + g -> g + g                I    8.1163E+02   I
           I   81   q + qb -> Q + QB, massive     I    2.4929E-02   I
           I   82   g + g -> Q + QB, massive      I    3.2517E+00   I
           I                                      I                 I
           ==========================================================
 In PYINIT: BEAM,TARGET= P               N               

 ******** PYMAXI: summary of differential cross-section maximum search ********

           ==========================================================
           I                                      I                 I
           I  ISUB  Subprocess name               I  Maximum value  I
           I                                      I                 I
           ==========================================================
           I                                      I                 I
           I   11   f + f' -> f + f'              I    3.2802E+01   I
           I   12   f + fb -> f' + fb'            I    3.4897E-02   I
           I   13   f + fb -> g + g               I    4.5089E-01   I
           I   14   f + fb -> g + gamma           I    5.9676E-03   I
           I   18   f + fb -> gamma + gamma       I    2.6880E-05   I
           I   28   f + g -> f + g                I    3.8931E+02   I
           I   29   f + g -> f + gamma            I    2.4280E-01   I
           I   53   g + g -> f + fb               I    3.7885E+00   I
           I   68   g + g -> g + g                I    8.1163E+02   I
           I   81   q + qb -> Q + QB, massive     I    2.4929E-02   I
           I   82   g + g -> Q + QB, massive      I    3.2517E+00   I
           I                                      I                 I
           ==========================================================
 In PYINIT: BEAM,TARGET= N               N               

 ******** PYMAXI: summary of differential cross-section maximum search ********

           ==========================================================
           I                                      I                 I
           I  ISUB  Subprocess name               I  Maximum value  I
           I                                      I                 I
           ==========================================================
           I                                      I                 I
           I   11   f + f' -> f + f'              I    3.2852E+01   I
           I   12   f + fb -> f' + fb'            I    3.4897E-02   I
           I   13   f + fb -> g + g               I    4.5089E-01   I
           I   14   f + fb -> g + gamma           I    5.6154E-03   I
           I   18   f + fb -> gamma + gamma       I    2.4476E-05   I
           I   28   f + g -> f + g                I    3.8931E+02   I
           I   29   f + g -> f + gamma            I    2.3292E-01   I
           I   53   g + g -> f + fb               I    3.7885E+00   I
           I   68   g + g -> g + g                I    8.1163E+02   I
           I   81   q + qb -> Q + QB, massive     I    2.4929E-02   I
           I   82   g + g -> Q + QB, massive      I    3.2517E+00   I
           I                                      I                 I
           ==========================================================
 satisfied:EATT(GeV),NATT,B(fm)=   84033.3594             490   5.21249628    
  IHPR2(10) =            1
  ABS(DENGY).GT.HIPR1(43)    3.97086143E-04  0.100000001    
  IHPR2(20) =            1
  IHPR2(21) =            0
  
  EVENT            2 , RUN            1
 #impact parameter,nlop,ncolt=   4.32385874               0           3
 In PYINIT: BEAM,TARGET= N               P               

 ******** PYMAXI: summary of differential cross-section maximum search ********

           ==========================================================
           I                                      I                 I
           I  ISUB  Subprocess name               I  Maximum value  I
           I                                      I                 I
           ==========================================================
           I                                      I                 I
           I   11   f + f' -> f + f'              I    3.2802E+01   I
           I   12   f + fb -> f' + fb'            I    3.4897E-02   I
           I   13   f + fb -> g + g               I    4.5089E-01   I
           I   14   f + fb -> g + gamma           I    5.9676E-03   I
           I   18   f + fb -> gamma + gamma       I    2.6880E-05   I
           I   28   f + g -> f + g                I    3.8931E+02   I
           I   29   f + g -> f + gamma            I    2.4280E-01   I
           I   53   g + g -> f + fb               I    3.7885E+00   I
           I   68   g + g -> g + g                I    8.1163E+02   I
           I   81   q + qb -> Q + QB, massive     I    2.4929E-02   I
           I   82   g + g -> Q + QB, massive      I    3.2517E+00   I
           I                                      I                 I
           ==========================================================
 satisfied:EATT(GeV),NATT,B(fm)=   83996.6250             209   4.32385874    
  IHPR2(10) =            1
  ABS(DENGY).GT.HIPR1(43)    4.01735306E-05  0.100000001    
  IHPR2(20) =            1
  IHPR2(21) =            0
  
  EVENT            3 , RUN            1
 #impact parameter,nlop,ncolt=   1.42074823               0          37
 Energy not conserved, repeat the event
 violated:EATT(GeV),NATT,B(fm)=   84069.9219            2105   1.42074823    
 #impact parameter,nlop,ncolt=   2.74374843               0          17
 Energy not conserved, repeat the event
 violated:EATT(GeV),NATT,B(fm)=   83923.5469             800   2.74374843    
 #impact parameter,nlop,ncolt=   4.52951145               0          14
 satisfied:EATT(GeV),NATT,B(fm)=   84019.6953             804   4.52951145    
  IHPR2(10) =            1
  ABS(DENGY).GT.HIPR1(43)    2.34484673E-04  0.100000001    
  IHPR2(20) =            1
  IHPR2(21) =            0
  
  EVENT            4 , RUN            1
 #impact parameter,nlop,ncolt=   4.31268501               0           9
 Energy not conserved, repeat the event
 violated:EATT(GeV),NATT,B(fm)=   84069.1406             665   4.31268501    
 #impact parameter,nlop,ncolt=   5.29172468               0           4
 Energy not conserved, repeat the event
 violated:EATT(GeV),NATT,B(fm)=   84197.8125             353   5.29172468    
 #impact parameter,nlop,ncolt=   3.73020625               0          14
 Energy not conserved, repeat the event
 violated:EATT(GeV),NATT,B(fm)=   84137.6953             992   3.73020625    
 #impact parameter,nlop,ncolt=   2.08858895               0          24
 satisfied:EATT(GeV),NATT,B(fm)=   84009.1484            1246   2.08858895    
  IHPR2(10) =            1
  ABS(DENGY).GT.HIPR1(43)    1.08957291E-04  0.100000001    
  IHPR2(20) =            1
  IHPR2(21) =            0
  
  EVENT            5 , RUN            1
 #impact parameter,nlop,ncolt=   3.62739038               0           4
  in HJANA1 
  total number of partons =          165
  total number of gluons =          158
  number of independent strings =            1
  in HJANA2 
  total number of partons =         1220
  total number of gluons =            0
  number of independent strings =          587
 satisfied:EATT(GeV),NATT,B(fm)=   83997.1328             187   3.62739038    
  IHPR2(10) =            1
  ABS(DENGY).GT.HIPR1(43)    3.41534615E-05  0.100000001    
  IHPR2(20) =            1
  IHPR2(21) =            0
  
gw346.vampire
#  AMPT started at  Thu Sep 24 18:29:08 CDT 2020
#  AMPT Program finished at  Thu Sep 24 18:29:41 CDT 2020
